11-26 16:36:07 replicate_layout.action_replicate_layout 305:Plugin executed on: 'linux'
11-26 16:36:07 replicate_layout.action_replicate_layout 306:Plugin executed with python version: '3.8.5 (default, Jul 28 2020, 12:59:40) \n[GCC 9.3.0]'
11-26 16:36:07 replicate_layout.action_replicate_layout 307:KiCad build version: 5.1.6-c6e7f7d~87~ubuntu20.04.1
11-26 16:36:07 replicate_layout.action_replicate_layout 308:Replicate layout plugin version: 68 started
11-26 16:36:07 replicate_layout.action_replicate_layout 319:wx top level windows: WindowList: [<wx._core.Frame object at 0x7f3dffe5f310>, <wx._core.Frame object at 0x7f3dffe5f3a0>, <wx._core.Frame object at 0x7f3dffe5f430>, <wx._core.Frame object at 0x7f3dffe5f4c0>, <wx._core.Frame object at 0x7f3dffe5f550>, <wx._core.Frame object at 0x7f3dffe5f5e0>, <wx._core.Frame object at 0x7f3dffe5f670>]
11-26 16:36:07 replicate_layout.action_replicate_layout 343:Preparing replicator with Q1 as a reference
11-26 16:36:07 replicate_layout.replicatelayout 215:getting project hierarchy from schematics
11-26 16:36:07 replicate_layout.replicatelayout 217:Project hierarchy looks like:
{'5F75D92C': ['one_dirver', '/home/prostoichelovek/projects/qHandedCart/hardware/motorsController/one_dirver.sch'], '5F8AE603': ['sheet5F8AE5F8', '/home/prostoichelovek/projects/qHandedCart/hardware/motorsController/one_dirver.sch'], '5F8B7961': ['sheet5F8B7955', '/home/prostoichelovek/projects/qHandedCart/hardware/motorsController/one_dirver.sch'], '5F8B7981': ['sheet5F8B7956', '/home/prostoichelovek/projects/qHandedCart/hardware/motorsController/one_dirver.sch'], '5FB03879': ['front_right_encoder', '/home/prostoichelovek/projects/qHandedCart/hardware/motorsController/front_right_encoder.sch'], '5FBFC472': ['front_left_encoder', '/home/prostoichelovek/projects/qHandedCart/hardware/motorsController/front_right_encoder.sch'], '5FC04BEE': ['rear_right_encoder', '/home/prostoichelovek/projects/qHandedCart/hardware/motorsController/front_right_encoder.sch'], '5FC04BF2': ['rear_left_encoder', '/home/prostoichelovek/projects/qHandedCart/hardware/motorsController/front_right_encoder.sch']}
11-26 16:36:07 replicate_layout.replicatelayout 225:getting a list of all footprints on board
11-26 16:36:07 replicate_layout.action_replicate_layout 369:source anchor footprint is 'Q1'
Located on:['front_right_encoder']
With filenames:['front_right_encoder.sch']
With sheet_id:['front_right_encoder']
11-26 16:36:07 replicate_layout.action_replicate_layout 374:Corresponding footprints are 
[('Q4', ['rear_left_encoder']), ('Q3', ['rear_right_encoder']), ('Q2', ['front_left_encoder']), ('Q1', ['front_right_encoder'])]
11-26 16:36:07 replicate_layout.action_replicate_layout 387:Showing dialog
11-26 16:36:07 replicate_layout.action_replicate_layout 391:Pcbnew position: wx.Point(72, 27)
11-26 16:36:07 replicate_layout.action_replicate_layout 397:Display 0: wx.Rect(0, 0, 2560, 1080)
11-26 16:36:07 replicate_layout.action_replicate_layout 401:Toolbar position: wx.Point(2524, 120)
11-26 16:36:07 replicate_layout.action_replicate_layout 408:Dialog position: wx.Point(2211, 120)
11-26 16:36:07 replicate_layout.replicatelayout 249:construcing a list of sheets suitable for replication on level:'front_right_encoder', file:'front_right_encoder.sch'
11-26 16:36:07 replicate_layout.replicatelayout 256:Source sheet path up to the level:['front_right_encoder']
11-26 16:36:07 replicate_layout.replicatelayout 260:Footprints on the sheets:
['Q4', 'Q3', 'Q2', 'Q1']
11-26 16:36:07 replicate_layout.replicatelayout 263:Footprints raw sheet ids:
['/5FC04BF2/5FB0A7B8', '/5FC04BEE/5FB0A7B8', '/5FBFC472/5FB0A7B8', '/5FB03879/5FB0A7B8']
11-26 16:36:07 replicate_layout.replicatelayout 279:All sheets to replicate:
[['rear_left_encoder'], ['rear_right_encoder'], ['front_left_encoder'], ['front_right_encoder']]
11-26 16:36:07 replicate_layout.replicatelayout 284:All sheets to replicate sorted:
[['front_left_encoder'], ['front_right_encoder'], ['rear_left_encoder'], ['rear_right_encoder']]
11-26 16:36:07 replicate_layout.replicatelayout 290:All sheets to replicate sorted and without source sheet:
[['front_left_encoder'], ['rear_left_encoder'], ['rear_right_encoder']]
11-26 16:36:17 replicate_layout.replicatelayout 249:construcing a list of sheets suitable for replication on level:'front_right_encoder', file:'front_right_encoder.sch'
11-26 16:36:17 replicate_layout.replicatelayout 256:Source sheet path up to the level:['front_right_encoder']
11-26 16:36:17 replicate_layout.replicatelayout 260:Footprints on the sheets:
['Q4', 'Q3', 'Q2', 'Q1']
11-26 16:36:17 replicate_layout.replicatelayout 263:Footprints raw sheet ids:
['/5FC04BF2/5FB0A7B8', '/5FC04BEE/5FB0A7B8', '/5FBFC472/5FB0A7B8', '/5FB03879/5FB0A7B8']
11-26 16:36:17 replicate_layout.replicatelayout 279:All sheets to replicate:
[['rear_left_encoder'], ['rear_right_encoder'], ['front_left_encoder'], ['front_right_encoder']]
11-26 16:36:17 replicate_layout.replicatelayout 284:All sheets to replicate sorted:
[['front_left_encoder'], ['front_right_encoder'], ['rear_left_encoder'], ['rear_right_encoder']]
11-26 16:36:17 replicate_layout.replicatelayout 290:All sheets to replicate sorted and without source sheet:
[['front_left_encoder'], ['rear_left_encoder'], ['rear_right_encoder']]
11-26 16:36:17 replicate_layout.action_replicate_layout 179:Replicating layout
11-26 16:36:17 replicate_layout.replicatelayout 987:Starting replication of sheets: [['front_left_encoder'], ['rear_left_encoder'], ['rear_right_encoder']]
on level: ['front_right_encoder']
with tracks=True, zone=True, text=True, containing=False, remove=False, locked=True
11-26 16:36:17 root 261:updating GUI message: 'Preparing for replication'
11-26 16:36:18 root 266:updating GUI with: 0
11-26 16:36:18 replicate_layout.replicatelayout 556:Getting the list of source footprints
11-26 16:36:18 root 266:updating GUI with: 0
11-26 16:36:18 replicate_layout.replicatelayout 560:Getting the list of all the remaining footprints
11-26 16:36:18 root 266:updating GUI with: 12
11-26 16:36:18 replicate_layout.replicatelayout 564:Getting nets local to source footprints
11-26 16:36:18 replicate_layout.replicatelayout 568:Getting source bounding box
11-26 16:36:18 root 266:updating GUI with: 37
11-26 16:36:18 replicate_layout.replicatelayout 572:Getting source tracks
11-26 16:36:18 root 266:updating GUI with: 50
11-26 16:36:18 replicate_layout.replicatelayout 576:Getting source zones
11-26 16:36:18 root 266:updating GUI with: 62
11-26 16:36:18 replicate_layout.replicatelayout 580:Getting source text items
11-26 16:36:18 root 266:updating GUI with: 75
11-26 16:36:18 replicate_layout.replicatelayout 584:Getting source text items
11-26 16:36:18 root 266:updating GUI with: 87
11-26 16:36:18 root 261:updating GUI message: 'Replicating footprints'
11-26 16:36:18 replicate_layout.replicatelayout 590:Replicating footprints
11-26 16:36:18 replicate_layout.replicatelayout 596:Replicating footprints on sheet ['front_left_encoder']
11-26 16:36:18 root 266:updating GUI with: 33
11-26 16:36:18 root 266:updating GUI with: 33
11-26 16:36:18 replicate_layout.replicatelayout 596:Replicating footprints on sheet ['rear_left_encoder']
11-26 16:36:18 replicate_layout.replicatelayout 596:Replicating footprints on sheet ['rear_right_encoder']
11-26 16:36:18 root 266:updating GUI with: 100
11-26 16:36:18 root 261:updating GUI message: 'Replicating tracks'
11-26 16:36:18 replicate_layout.replicatelayout 716:Replicating tracks
11-26 16:36:18 root 266:updating GUI with: 0
11-26 16:36:18 replicate_layout.replicatelayout 722:Replicating tracks on sheet ['front_left_encoder']
11-26 16:36:18 root 266:updating GUI with: 0
11-26 16:36:18 replicate_layout.replicatelayout 722:Replicating tracks on sheet ['rear_left_encoder']
11-26 16:36:18 replicate_layout.replicatelayout 722:Replicating tracks on sheet ['rear_right_encoder']
11-26 16:36:18 root 266:updating GUI with: 66
11-26 16:36:18 root 261:updating GUI message: 'Replicating zones'
11-26 16:36:18 replicate_layout.replicatelayout 767:Replicating zones
11-26 16:36:18 replicate_layout.replicatelayout 774:Replicating zones on sheet ['front_left_encoder']
11-26 16:36:18 replicate_layout.replicatelayout 812:Skipping replication of a zone on copper layer without a net
11-26 16:36:18 replicate_layout.replicatelayout 812:Skipping replication of a zone on copper layer without a net
11-26 16:36:18 replicate_layout.replicatelayout 812:Skipping replication of a zone on copper layer without a net
11-26 16:36:18 replicate_layout.replicatelayout 812:Skipping replication of a zone on copper layer without a net
11-26 16:36:18 replicate_layout.replicatelayout 812:Skipping replication of a zone on copper layer without a net
11-26 16:36:18 replicate_layout.replicatelayout 774:Replicating zones on sheet ['rear_left_encoder']
11-26 16:36:18 replicate_layout.replicatelayout 812:Skipping replication of a zone on copper layer without a net
11-26 16:36:18 replicate_layout.replicatelayout 812:Skipping replication of a zone on copper layer without a net
11-26 16:36:18 replicate_layout.replicatelayout 812:Skipping replication of a zone on copper layer without a net
11-26 16:36:18 replicate_layout.replicatelayout 812:Skipping replication of a zone on copper layer without a net
11-26 16:36:18 replicate_layout.replicatelayout 812:Skipping replication of a zone on copper layer without a net
11-26 16:36:18 replicate_layout.replicatelayout 774:Replicating zones on sheet ['rear_right_encoder']
11-26 16:36:18 root 266:updating GUI with: 73
11-26 16:36:18 replicate_layout.replicatelayout 812:Skipping replication of a zone on copper layer without a net
11-26 16:36:18 root 266:updating GUI with: 80
11-26 16:36:18 replicate_layout.replicatelayout 812:Skipping replication of a zone on copper layer without a net
11-26 16:36:18 replicate_layout.replicatelayout 812:Skipping replication of a zone on copper layer without a net
11-26 16:36:18 replicate_layout.replicatelayout 812:Skipping replication of a zone on copper layer without a net
11-26 16:36:18 replicate_layout.replicatelayout 812:Skipping replication of a zone on copper layer without a net
11-26 16:36:18 root 261:updating GUI message: 'Replicating text'
11-26 16:36:18 replicate_layout.replicatelayout 833:Replicating text
11-26 16:36:18 replicate_layout.replicatelayout 840:Replicating text on sheet ['front_left_encoder']
11-26 16:36:18 replicate_layout.replicatelayout 840:Replicating text on sheet ['rear_left_encoder']
11-26 16:36:18 replicate_layout.replicatelayout 840:Replicating text on sheet ['rear_right_encoder']
11-26 16:36:18 root 261:updating GUI message: 'Replicating drawings'
11-26 16:36:18 replicate_layout.replicatelayout 864:Replicating drawings
11-26 16:36:18 replicate_layout.replicatelayout 870:Replicating drawings on sheet ['front_left_encoder']
11-26 16:36:18 replicate_layout.replicatelayout 870:Replicating drawings on sheet ['rear_left_encoder']
11-26 16:36:18 replicate_layout.replicatelayout 870:Replicating drawings on sheet ['rear_right_encoder']
11-26 16:36:18 replicate_layout.action_replicate_layout 201:Replication complete
